<?xml version="1.0" encoding="UTF-8"?>
<coverage generated="1588186722696" clover="3.2.0">
  <project timestamp="1588186722696" name="All files">
    <metrics statements="77" coveredstatements="58" conditionals="18" coveredconditionals="10" methods="26" coveredmethods="19" elements="121" coveredelements="87" complexity="0" loc="77" ncloc="77" packages="1" files="4" classes="4"/>
    <file name="App.js" path="/home/nils/Developement/ReactJs/to_do_list_in_react/src/App.js">
      <metrics statements="58" coveredstatements="44" conditionals="16" coveredconditionals="8" methods="19" coveredmethods="15"/>
      <line num="8" count="3" type="stmt"/>
      <line num="15" count="3" type="stmt"/>
      <line num="16" count="0" type="stmt"/>
      <line num="17" count="0" type="stmt"/>
      <line num="19" count="0" type="cond" truecount="0" falsecount="2"/>
      <line num="27" count="0" type="stmt"/>
      <line num="31" count="1" type="stmt"/>
      <line num="32" count="1" type="stmt"/>
      <line num="34" count="1" type="stmt"/>
      <line num="35" count="0" type="stmt"/>
      <line num="36" count="0" type="cond" truecount="0" falsecount="2"/>
      <line num="38" count="1" type="stmt"/>
      <line num="42" count="72" type="stmt"/>
      <line num="43" count="72" type="stmt"/>
      <line num="45" count="72" type="cond" truecount="2" falsecount="0"/>
      <line num="49" count="72" type="stmt"/>
      <line num="51" count="72" type="cond" truecount="2" falsecount="0"/>
      <line num="57" count="3" type="stmt"/>
      <line num="58" count="0" type="stmt"/>
      <line num="62" count="3" type="stmt"/>
      <line num="63" count="1" type="stmt"/>
      <line num="64" count="1" type="stmt"/>
      <line num="65" count="3" type="stmt"/>
      <line num="67" count="1" type="stmt"/>
      <line num="68" count="3" type="stmt"/>
      <line num="71" count="1" type="stmt"/>
      <line num="72" count="2" type="stmt"/>
      <line num="75" count="1" type="stmt"/>
      <line num="76" count="1" type="stmt"/>
      <line num="83" count="1" type="stmt"/>
      <line num="85" count="1" type="stmt"/>
      <line num="89" count="3" type="stmt"/>
      <line num="90" count="1" type="stmt"/>
      <line num="91" count="1" type="stmt"/>
      <line num="92" count="1" type="stmt"/>
      <line num="95" count="1" type="stmt"/>
      <line num="96" count="3" type="stmt"/>
      <line num="97" count="3" type="stmt"/>
      <line num="98" count="3" type="cond" truecount="1" falsecount="1"/>
      <line num="99" count="0" type="stmt"/>
      <line num="100" count="0" type="stmt"/>
      <line num="102" count="3" type="stmt"/>
      <line num="103" count="3" type="stmt"/>
      <line num="105" count="3" type="cond" truecount="1" falsecount="1"/>
      <line num="108" count="1" type="cond" truecount="1" falsecount="1"/>
      <line num="109" count="0" type="stmt"/>
      <line num="110" count="0" type="stmt"/>
      <line num="115" count="0" type="stmt"/>
      <line num="120" count="1" type="cond" truecount="1" falsecount="1"/>
      <line num="121" count="0" type="stmt"/>
      <line num="122" count="0" type="stmt"/>
      <line num="126" count="1" type="stmt"/>
      <line num="128" count="1" type="stmt"/>
      <line num="136" count="7" type="stmt"/>
      <line num="137" count="7" type="stmt"/>
      <line num="146" count="1" type="stmt"/>
      <line num="153" count="1" type="stmt"/>
      <line num="158" count="72" type="stmt"/>
    </file>
    <file name="Task.js" path="/home/nils/Developement/ReactJs/to_do_list_in_react/src/Task.js">
      <metrics statements="4" coveredstatements="2" conditionals="0" coveredconditionals="0" methods="2" coveredmethods="0"/>
      <line num="6" count="1" type="stmt"/>
      <line num="7" count="0" type="stmt"/>
      <line num="9" count="0" type="stmt"/>
      <line num="15" count="1" type="stmt"/>
    </file>
    <file name="TaskInput.js" path="/home/nils/Developement/ReactJs/to_do_list_in_react/src/TaskInput.js">
      <metrics statements="13" coveredstatements="12" conditionals="2" coveredconditionals="2" methods="5" coveredmethods="4"/>
      <line num="8" count="1" type="stmt"/>
      <line num="9" count="1" type="stmt"/>
      <line num="10" count="1" type="stmt"/>
      <line num="14" count="1" type="stmt"/>
      <line num="15" count="0" type="stmt"/>
      <line num="19" count="1" type="stmt"/>
      <line num="20" count="1" type="stmt"/>
      <line num="21" count="1" type="stmt"/>
      <line num="22" count="1" type="cond" truecount="2" falsecount="0"/>
      <line num="23" count="1" type="stmt"/>
      <line num="27" count="1" type="stmt"/>
      <line num="31" count="3" type="stmt"/>
      <line num="51" count="2" type="stmt"/>
    </file>
    <file name="index.js" path="/home/nils/Developement/ReactJs/to_do_list_in_react/src/index.js">
      <metrics statements="2" coveredstatements="0" conditionals="0" coveredconditionals="0" methods="0" coveredmethods="0"/>
      <line num="8" count="0" type="stmt"/>
      <line num="18" count="0" type="stmt"/>
    </file>
  </project>
</coverage>
