TN:
SF:/home/nils/Developement/ReactJs/to_do_list_in_react/src/App.js
FN:15,(anonymous_0)
FN:30,(anonymous_1)
FN:41,(anonymous_2)
FN:48,(anonymous_3)
FN:57,(anonymous_4)
FN:62,(anonymous_5)
FN:65,(anonymous_6)
FN:68,(anonymous_7)
FN:71,(anonymous_8)
FN:75,(anonymous_9)
FN:89,(anonymous_10)
FN:95,(anonymous_11)
FN:103,(anonymous_12)
FN:109,(anonymous_13)
FN:121,(anonymous_14)
FN:135,(anonymous_15)
FN:146,(anonymous_16)
FN:153,(anonymous_17)
FN:157,(anonymous_18)
FNF:19
FNH:15
FNDA:0,(anonymous_0)
FNDA:1,(anonymous_1)
FNDA:72,(anonymous_2)
FNDA:72,(anonymous_3)
FNDA:0,(anonymous_4)
FNDA:1,(anonymous_5)
FNDA:3,(anonymous_6)
FNDA:3,(anonymous_7)
FNDA:2,(anonymous_8)
FNDA:1,(anonymous_9)
FNDA:1,(anonymous_10)
FNDA:3,(anonymous_11)
FNDA:3,(anonymous_12)
FNDA:0,(anonymous_13)
FNDA:0,(anonymous_14)
FNDA:7,(anonymous_15)
FNDA:1,(anonymous_16)
FNDA:1,(anonymous_17)
FNDA:72,(anonymous_18)
DA:8,3
DA:15,3
DA:16,0
DA:17,0
DA:19,0
DA:27,0
DA:31,1
DA:32,1
DA:34,1
DA:35,0
DA:36,0
DA:38,1
DA:42,72
DA:43,72
DA:45,72
DA:49,72
DA:51,72
DA:57,3
DA:58,0
DA:62,3
DA:63,1
DA:64,1
DA:65,3
DA:67,1
DA:68,3
DA:71,1
DA:72,2
DA:75,1
DA:76,1
DA:83,1
DA:85,1
DA:89,3
DA:90,1
DA:91,1
DA:92,1
DA:95,1
DA:96,3
DA:97,3
DA:98,3
DA:99,0
DA:100,0
DA:102,3
DA:103,3
DA:105,3
DA:108,1
DA:109,0
DA:110,0
DA:115,0
DA:120,1
DA:121,0
DA:122,0
DA:126,1
DA:128,1
DA:136,7
DA:137,7
DA:146,1
DA:153,1
DA:158,72
LF:58
LH:44
BRDA:19,0,0,0
BRDA:19,0,1,0
BRDA:36,1,0,0
BRDA:36,1,1,0
BRDA:45,2,0,3
BRDA:45,2,1,69
BRDA:51,3,0,5
BRDA:51,3,1,67
BRDA:98,4,0,0
BRDA:98,4,1,3
BRDA:105,5,0,3
BRDA:105,5,1,0
BRDA:108,6,0,0
BRDA:108,6,1,1
BRDA:120,7,0,0
BRDA:120,7,1,1
BRF:16
BRH:8
end_of_record
TN:
SF:/home/nils/Developement/ReactJs/to_do_list_in_react/src/Task.js
FN:6,(anonymous_0)
FN:9,(anonymous_1)
FNF:2
FNH:0
FNDA:0,(anonymous_0)
FNDA:0,(anonymous_1)
DA:6,1
DA:7,0
DA:9,0
DA:15,1
LF:4
LH:2
BRF:0
BRH:0
end_of_record
TN:
SF:/home/nils/Developement/ReactJs/to_do_list_in_react/src/TaskInput.js
FN:7,(anonymous_0)
FN:14,(anonymous_1)
FN:19,(anonymous_2)
FN:26,(anonymous_3)
FN:30,(anonymous_4)
FNF:5
FNH:4
FNDA:1,(anonymous_0)
FNDA:0,(anonymous_1)
FNDA:1,(anonymous_2)
FNDA:1,(anonymous_3)
FNDA:3,(anonymous_4)
DA:8,1
DA:9,1
DA:10,1
DA:14,1
DA:15,0
DA:19,1
DA:20,1
DA:21,1
DA:22,1
DA:23,1
DA:27,1
DA:31,3
DA:51,2
LF:13
LH:12
BRDA:22,0,0,1
BRDA:22,0,1,1
BRF:2
BRH:2
end_of_record
TN:
SF:/home/nils/Developement/ReactJs/to_do_list_in_react/src/index.js
FNF:0
FNH:0
DA:8,0
DA:18,0
LF:2
LH:0
BRF:0
BRH:0
end_of_record
